<?xml version="1.0" encoding="UTF-8"?>
<!-- Generated by org.testng.reporters.JUnitReportReporter -->
<testsuite hostname="DESKTOP-AI0QSET" failures="0" tests="3" name="practice.test.GetProductInfoTest" time="35.505" errors="0" timestamp="2026-02-16T13:24:22 IST" skipped="0">
  <testcase classname="practice.test.GetProductInfoTest" name="getProductinfoTest" time="10.857"/>
  <testcase classname="practice.test.GetProductInfoTest" name="getProductinfoTest" time="13.014"/>
  <testcase classname="practice.test.GetProductInfoTest" name="getProductinfoTest" time="11.634"/>
</testsuite> <!-- practice.test.GetProductInfoTest -->
