<?xml version="1.0" encoding="UTF-8"?>
<!-- Generated by org.testng.reporters.JUnitReportReporter -->
<testsuite hostname="DESKTOP-AI0QSET" failures="0" tests="3" name="practice.testng.ContactTestDemo$ContactTest" time="0.010" errors="0" timestamp="16 Feb 2026 04:56:03 GMT" skipped="0">
  <testcase classname="practice.testng.ContactTestDemo$ContactTest" name="deleteContactTest" time="0.001"/>
  <testcase classname="practice.testng.ContactTestDemo$ContactTest" name="createContactTest" time="0.008"/>
  <testcase classname="practice.testng.ContactTestDemo$ContactTest" name="modifyContactTest" time="0.001"/>
</testsuite> <!-- practice.testng.ContactTestDemo$ContactTest -->
