<?xml version="1.0" encoding="UTF-8"?>
<!-- Generated by org.testng.reporters.JUnitReportReporter -->
<testsuite hostname="DESKTOP-AI0QSET" failures="0" tests="2" name="com.pac1.CreateContactTest" time="0.011" errors="0" timestamp="2026-02-16T15:39:18 IST" skipped="0">
  <testcase classname="com.pac1.CreateContactTest" name="createContact" time="0.008"/>
  <testcase classname="com.pac1.CreateContactTest" name="createContactWithSupportDate" time="0.003"/>
</testsuite> <!-- com.pac1.CreateContactTest -->
