<?xml version="1.0" encoding="UTF-8"?>
<!-- Generated by org.testng.reporters.JUnitReportReporter -->
<testsuite hostname="DESKTOP-AI0QSET" failures="0" tests="11" name="practice.testng.InvocationCountDemo$OrderTest" time="0.013" errors="0" timestamp="16 Feb 2026 04:59:43 GMT" skipped="1">
  <testcase classname="practice.testng.InvocationCountDemo$OrderTest" name="createOrderTest" time="0.000"/>
  <testcase classname="practice.testng.InvocationCountDemo$OrderTest" name="createOrderTest" time="0.000"/>
  <testcase classname="practice.testng.InvocationCountDemo$OrderTest" name="createOrderTest" time="0.007"/>
  <testcase classname="practice.testng.InvocationCountDemo$OrderTest" name="createOrderTest" time="0.001"/>
  <testcase classname="practice.testng.InvocationCountDemo$OrderTest" name="createOrderTest" time="0.001"/>
  <testcase classname="practice.testng.InvocationCountDemo$OrderTest" name="createOrderTest" time="0.000"/>
  <testcase classname="practice.testng.InvocationCountDemo$OrderTest" name="createOrderTest" time="0.001"/>
  <testcase classname="practice.testng.InvocationCountDemo$OrderTest" name="createOrderTest" time="0.001"/>
  <testcase classname="practice.testng.InvocationCountDemo$OrderTest" name="createOrderTest" time="0.001"/>
  <testcase classname="practice.testng.InvocationCountDemo$OrderTest" name="createOrderTest" time="0.001"/>
  <testcase classname="practice.testng.InvocationCountDemo$OrderTest" name="billingAnOrderTest">
    <skipped/>
  </testcase> <!-- billingAnOrderTest -->
</testsuite> <!-- practice.testng.InvocationCountDemo$OrderTest -->
