<?xml version="1.0" encoding="UTF-8"?>
<!-- Generated by org.testng.reporters.JUnitReportReporter -->
<testsuite hostname="DESKTOP-AI0QSET" failures="0" tests="3" name="practice.testng.PriorityTest" time="0.010" errors="0" timestamp="13 Feb 2026 12:33:34 GMT" skipped="0">
  <testcase classname="practice.testng.PriorityTest" name="createContactTest" time="0.008"/>
  <testcase classname="practice.testng.PriorityTest" name="modifyContactTest" time="0.001"/>
  <testcase classname="practice.testng.PriorityTest" name="deleteContactTest" time="0.001"/>
</testsuite> <!-- practice.testng.PriorityTest -->
