<?xml version="1.0" encoding="UTF-8"?>
<!-- Generated by org.testng.reporters.JUnitReportReporter -->
<testsuite hostname="DESKTOP-AI0QSET" failures="0" tests="3" name="practice.testng.CreateContacttestUsingDataProviderTest2" time="0.006" errors="0" timestamp="16 Feb 2026 05:38:25 GMT" skipped="0">
  <testcase classname="practice.testng.CreateContacttestUsingDataProviderTest2" name="createContactTest" time="0.000"/>
  <testcase classname="practice.testng.CreateContacttestUsingDataProviderTest2" name="createContactTest" time="0.005"/>
  <testcase classname="practice.testng.CreateContacttestUsingDataProviderTest2" name="createContactTest" time="0.001"/>
</testsuite> <!-- practice.testng.CreateContacttestUsingDataProviderTest2 -->
