<?xml version="1.0" encoding="UTF-8"?>
<!-- Generated by org.testng.reporters.JUnitReportReporter -->
<testsuite hostname="DESKTOP-AI0QSET" failures="0" tests="2" name="com.crm.comcast.contactTest.CreateContactTest" time="0.023" errors="0" timestamp="2026-02-16T17:42:46 IST" skipped="0">
  <testcase classname="com.crm.comcast.contactTest.CreateContactTest" name="createContactWithSupportDate" time="0.007"/>
  <testcase classname="com.crm.comcast.contactTest.CreateContactTest" name="createContact" time="0.016"/>
</testsuite> <!-- com.crm.comcast.contactTest.CreateContactTest -->
