<?xml version="1.0" encoding="UTF-8"?>
<!-- Generated by org.testng.reporters.JUnitReportReporter -->
<testsuite hostname="DESKTOP-AI0QSET" failures="0" tests="3" name="practice.test.GetProductInfoTest2" time="22.423" errors="0" timestamp="2026-02-16T14:34:31 IST" skipped="0">
  <testcase classname="practice.test.GetProductInfoTest2" name="getProductinfoTest" time="7.241"/>
  <testcase classname="practice.test.GetProductInfoTest2" name="getProductinfoTest" time="7.229"/>
  <testcase classname="practice.test.GetProductInfoTest2" name="getProductinfoTest" time="7.953"/>
</testsuite> <!-- practice.test.GetProductInfoTest2 -->
