<?xml version="1.0" encoding="UTF-8"?>
<!-- Generated by org.testng.reporters.JUnitReportReporter -->
<testsuite hostname="DESKTOP-AI0QSET" failures="0" tests="2" name="practice.testng.SampleTest" time="0.008" errors="0" timestamp="13 Feb 2026 10:09:56 GMT" skipped="0">
  <testcase classname="practice.testng.SampleTest" name="CreateContactWithMobileNumberTest" time="0.006"/>
  <testcase classname="practice.testng.SampleTest" name="createContactTest" time="0.002"/>
</testsuite> <!-- practice.testng.SampleTest -->
