<?xml version="1.0" encoding="UTF-8"?>
<!-- Generated by org.testng.reporters.JUnitReportReporter -->
<testsuite hostname="DESKTOP-AI0QSET" failures="0" tests="2" name="com.crm.comcast.orgtest.CreateOrgTest" time="0.011" errors="0" timestamp="2026-02-16T17:42:46 IST" skipped="0">
  <testcase classname="com.crm.comcast.orgtest.CreateOrgTest" name="createOrgTestWithIndustries" time="0.006"/>
  <testcase classname="com.crm.comcast.orgtest.CreateOrgTest" name="createOrgTest" time="0.005"/>
</testsuite> <!-- com.crm.comcast.orgtest.CreateOrgTest -->
