<?xml version="1.0" encoding="UTF-8"?>
<!-- Generated by org.testng.reporters.JUnitReportReporter -->
<testsuite hostname="DESKTOP-AI0QSET" failures="0" tests="3" name="practice.testng.CreateContacttestUsingDataProvider" time="0.008" errors="0" timestamp="16 Feb 2026 05:33:28 GMT" skipped="0">
  <testcase classname="practice.testng.CreateContacttestUsingDataProvider" name="createContactTest" time="0.001"/>
  <testcase classname="practice.testng.CreateContacttestUsingDataProvider" name="createContactTest" time="0.006"/>
  <testcase classname="practice.testng.CreateContacttestUsingDataProvider" name="createContactTest" time="0.001"/>
</testsuite> <!-- practice.testng.CreateContacttestUsingDataProvider -->
